#
# There is insufficient memory for the Java Runtime Environment to continue.
# Native memory allocation (malloc) failed to allocate 32744 bytes for ChunkPool::allocate
# Possible reasons:
#   The system is out of physical RAM or swap space
#   The process is running with CompressedOops enabled, and the Java Heap may be blocking the growth of the native heap
# Possible solutions:
#   Reduce memory load on the system
#   Increase physical memory or swap space
#   Check if swap backing store is full
#   Decrease Java heap size (-Xmx/-Xms)
#   Decrease number of Java threads
#   Decrease Java thread stack sizes (-Xss)
#   Set larger code cache with -XX:ReservedCodeCacheSize=
#   JVM is running with Unscaled Compressed Oops mode in which the Java heap is
#     placed in the first 4GB address space. The Java Heap base address is the
#     maximum limit for the native heap growth. Please use -XX:HeapBaseMinAddress
#     to set the Java Heap base and to place the Java Heap above 4GB virtual address.
# This output file may be truncated or incomplete.
#
#  Out of Memory Error (./open/src/hotspot/share/memory/arena.cpp:81), pid=9540, tid=15568
#
# JRE version: Java(TM) SE Runtime Environment 18.9 (11.0.9+7) (build 11.0.9+7-LTS)
# Java VM: Java HotSpot(TM) 64-Bit Server VM 18.9 (11.0.9+7-LTS, mixed mode, tiered, compressed oops, parallel gc, windows-amd64)
# No core dump will be written. Minidumps are not enabled by default on client versions of Windows
#

---------------  S U M M A R Y ------------

Command Line: --add-modules=ALL-SYSTEM --add-opens=java.base/java.util=ALL-UNNAMED --add-opens=java.base/java.lang=ALL-UNNAMED -Declipse.application=org.eclipse.jdt.ls.core.id1 -Dosgi.bundles.defaultStartLevel=4 -Declipse.product=org.eclipse.jdt.ls.core.product -Dfile.encoding=utf8 -DwatchParentProcess=false -XX:+UseParallelGC -XX:GCTimeRatio=4 -XX:AdaptiveSizePolicyWeight=90 -Dsun.zip.disableMemoryMapping=true -Xmx1G -Xms100m -Xverify:none c:\Users\joseh\.vscode\extensions\redhat.java-0.73.0\server\plugins\org.eclipse.equinox.launcher_1.6.0.v20200915-1508.jar -configuration c:\Users\joseh\AppData\Roaming\Code\User\globalStorage\redhat.java\0.73.0\config_win -data c:\Users\joseh\AppData\Roaming\Code\User\workspaceStorage\1da2681bac7220d1f99816449f30d2ad\redhat.java\jdt_ws

Host: Intel(R) Core(TM) i7-7700 CPU @ 3.60GHz, 8 cores, 39G,  Windows 10 , 64 bit Build 19041 (10.0.19041.662)
Time: Tue Dec 22 17:19:38 2020 Hora estándar romance elapsed time: 10.793494 seconds (0d 0h 0m 10s)

---------------  T H R E A D  ---------------

Current thread (0x000002b93d852800):  JavaThread "Compiler Processing Task" daemon [_thread_in_vm, id=15568, stack(0x000000dfdb000000,0x000000dfdb100000)]

Stack: [0x000000dfdb000000,0x000000dfdb100000]
Native frames: (J=compiled Java code, j=interpreted, Vv=VM code, C=native code)
V  [jvm.dll+0x611a3a]
V  [jvm.dll+0x748aaf]
V  [jvm.dll+0x74a135]
V  [jvm.dll+0x74a7b3]
V  [jvm.dll+0x2439f8]
V  [jvm.dll+0xba65b]
V  [jvm.dll+0xba9bc]
V  [jvm.dll+0xc887a]
V  [jvm.dll+0x66e3bd]
V  [jvm.dll+0x66e147]
V  [jvm.dll+0x66ed18]
V  [jvm.dll+0x66dc9b]
V  [jvm.dll+0x66eca4]
V  [jvm.dll+0x351012]
V  [jvm.dll+0x3501da]
V  [jvm.dll+0x350178]
V  [jvm.dll+0x35e193]
C  0x000002b92817ea7d

Java frames: (J=compiled Java code, j=interpreted, Vv=VM code)
j  org.eclipse.jdt.internal.compiler.lookup.SourceTypeBinding.addSyntheticFieldForEnumValues()Lorg/eclipse/jdt/internal/compiler/lookup/FieldBinding;+73
j  org.eclipse.jdt.internal.compiler.ast.TypeDeclaration.internalAnalyseCode(Lorg/eclipse/jdt/internal/compiler/flow/FlowContext;Lorg/eclipse/jdt/internal/compiler/flow/FlowInfo;)V+852
j  org.eclipse.jdt.internal.compiler.ast.TypeDeclaration.analyseCode(Lorg/eclipse/jdt/internal/compiler/lookup/CompilationUnitScope;)V+17
j  org.eclipse.jdt.internal.compiler.ast.CompilationUnitDeclaration.analyseCode()V+36
j  org.eclipse.jdt.internal.compiler.Compiler.process(Lorg/eclipse/jdt/internal/compiler/ast/CompilationUnitDeclaration;I)V+113
j  org.eclipse.jdt.internal.compiler.ProcessTaskManager.run()V+246
j  java.lang.Thread.run()V+11 java.base@11.0.9
v  ~StubRoutines::call_stub

---------------  P R O C E S S  ---------------

Threads class SMR info:
_java_thread_list=0x000002b93f907660, length=27, elements={
0x000002b91fcdd000, 0x000002b93aba2000, 0x000002b939b35000, 0x000002b93abe4800,
0x000002b939b47800, 0x000002b939b48000, 0x000002b939b4c000, 0x000002b939b54000,
0x000002b93ad43800, 0x000002b93ae28000, 0x000002b93d2ad800, 0x000002b93c3e2000,
0x000002b93c46a000, 0x000002b93c351000, 0x000002b93d315800, 0x000002b93d2e6800,
0x000002b93d45a000, 0x000002b93d478800, 0x000002b93d852000, 0x000002b93d84e000,
0x000002b93d84e800, 0x000002b93d84f800, 0x000002b93d850800, 0x000002b93d095000,
0x000002b93d851000, 0x000002b93d852800, 0x000002b94ac88800
}

Java Threads: ( => current thread )
  0x000002b91fcdd000 JavaThread "main" [_thread_blocked, id=11392, stack(0x000000dfd8c00000,0x000000dfd8d00000)]
  0x000002b93aba2000 JavaThread "Reference Handler" daemon [_thread_blocked, id=10940, stack(0x000000dfd8f00000,0x000000dfd9000000)]
  0x000002b939b35000 JavaThread "Finalizer" daemon [_thread_blocked, id=18352, stack(0x000000dfd9000000,0x000000dfd9100000)]
  0x000002b93abe4800 JavaThread "Signal Dispatcher" daemon [_thread_blocked, id=9236, stack(0x000000dfd9100000,0x000000dfd9200000)]
  0x000002b939b47800 JavaThread "Attach Listener" daemon [_thread_blocked, id=3660, stack(0x000000dfd9200000,0x000000dfd9300000)]
  0x000002b939b48000 JavaThread "C2 CompilerThread0" daemon [_thread_blocked, id=15392, stack(0x000000dfd9300000,0x000000dfd9400000)]
  0x000002b939b4c000 JavaThread "C1 CompilerThread0" daemon [_thread_blocked, id=22436, stack(0x000000dfd9400000,0x000000dfd9500000)]
  0x000002b939b54000 JavaThread "Sweeper thread" daemon [_thread_blocked, id=10168, stack(0x000000dfd9500000,0x000000dfd9600000)]
  0x000002b93ad43800 JavaThread "Common-Cleaner" daemon [_thread_blocked, id=2836, stack(0x000000dfd9600000,0x000000dfd9700000)]
  0x000002b93ae28000 JavaThread "Service Thread" daemon [_thread_blocked, id=5988, stack(0x000000dfd9800000,0x000000dfd9900000)]
  0x000002b93d2ad800 JavaThread "Active Thread: Equinox Container: 8157e947-a4bf-46e8-a601-4e55bf5004b5" [_thread_blocked, id=17968, stack(0x000000dfd9a00000,0x000000dfd9b00000)]
  0x000002b93c3e2000 JavaThread "Framework Event Dispatcher: Equinox Container: 8157e947-a4bf-46e8-a601-4e55bf5004b5" daemon [_thread_blocked, id=23972, stack(0x000000dfd9b00000,0x000000dfd9c00000)]
  0x000002b93c46a000 JavaThread "Start Level: Equinox Container: 8157e947-a4bf-46e8-a601-4e55bf5004b5" daemon [_thread_blocked, id=20856, stack(0x000000dfd9c00000,0x000000dfd9d00000)]
  0x000002b93c351000 JavaThread "SCR Component Actor" daemon [_thread_blocked, id=13436, stack(0x000000dfda000000,0x000000dfda100000)]
  0x000002b93d315800 JavaThread "Worker-JM" [_thread_blocked, id=20548, stack(0x000000dfda200000,0x000000dfda300000)]
  0x000002b93d2e6800 JavaThread "Worker-0: Register Watchers" [_thread_blocked, id=16556, stack(0x000000dfda300000,0x000000dfda400000)]
  0x000002b93d45a000 JavaThread "Worker-1" [_thread_blocked, id=22996, stack(0x000000dfda800000,0x000000dfda900000)]
  0x000002b93d478800 JavaThread "Java indexing" daemon [_thread_blocked, id=3928, stack(0x000000dfda900000,0x000000dfdaa00000)]
  0x000002b93d852000 JavaThread "logback configurator timer" daemon [_thread_blocked, id=8140, stack(0x000000dfdaa00000,0x000000dfdab00000)]
  0x000002b93d84e000 JavaThread "pool-2-thread-1" [_thread_blocked, id=9780, stack(0x000000dfdab00000,0x000000dfdac00000)]
  0x000002b93d84e800 JavaThread "Worker-2: Refreshing workspace" [_thread_blocked, id=14864, stack(0x000000dfdac00000,0x000000dfdad00000)]
  0x000002b93d84f800 JavaThread "Worker-3: Initialize workspace" [_thread_blocked, id=16748, stack(0x000000dfdad00000,0x000000dfdae00000)]
  0x000002b93d850800 JavaThread "Worker-4: Building" [_thread_blocked, id=5576, stack(0x000000dfdae00000,0x000000dfdaf00000)]
  0x000002b93d095000 JavaThread "C2 CompilerThread1" daemon [_thread_in_native, id=3284, stack(0x000000dfd9700000,0x000000dfd9800000)]
  0x000002b93d851000 JavaThread "Bundle File Closer" daemon [_thread_blocked, id=24408, stack(0x000000dfda100000,0x000000dfda200000)]
=>0x000002b93d852800 JavaThread "Compiler Processing Task" daemon [_thread_in_vm, id=15568, stack(0x000000dfdb000000,0x000000dfdb100000)]
  0x000002b94ac88800 JavaThread "C2 CompilerThread2" daemon [_thread_in_native, id=9948, stack(0x000000dfdaf00000,0x000000dfdb000000)]

Other Threads:
  0x000002b939a27800 VMThread "VM Thread" [stack: 0x000000dfd8e00000,0x000000dfd8f00000] [id=12336]
  0x000002b93ae63800 WatcherThread [stack: 0x000000dfd9900000,0x000000dfd9a00000] [id=17428]
  0x000002b91fcf6000 GCTaskThread "ParGC Thread#0" [stack: 0x000000dfd8d00000,0x000000dfd8e00000] [id=1856]
  0x000002b93c3d8000 GCTaskThread "ParGC Thread#1" [stack: 0x000000dfd9d00000,0x000000dfd9e00000] [id=1956]
  0x000002b93c3d8800 GCTaskThread "ParGC Thread#2" [stack: 0x000000dfd9e00000,0x000000dfd9f00000] [id=21268]
  0x000002b93c33e800 GCTaskThread "ParGC Thread#3" [stack: 0x000000dfd9f00000,0x000000dfda000000] [id=2688]
  0x000002b93d2c8000 GCTaskThread "ParGC Thread#4" [stack: 0x000000dfda400000,0x000000dfda500000] [id=14740]
  0x000002b93d2d6800 GCTaskThread "ParGC Thread#5" [stack: 0x000000dfda500000,0x000000dfda600000] [id=24556]
  0x000002b93d39f000 GCTaskThread "ParGC Thread#6" [stack: 0x000000dfda600000,0x000000dfda700000] [id=11388]
  0x000002b93d39f800 GCTaskThread "ParGC Thread#7" [stack: 0x000000dfda700000,0x000000dfda800000] [id=21272]

Threads with active compile tasks:
C2 CompilerThread1  10846 5141       4       org.eclipse.jdt.internal.compiler.parser.Parser::consumeRule (7627 bytes)
C2 CompilerThread2  10846 5250       4       org.eclipse.jdt.internal.compiler.parser.Parser::consumeToken (2275 bytes)

VM state:not at safepoint (normal execution)

VM Mutex/Monitor currently owned by a thread: None

Heap address: 0x00000000c0000000, size: 1024 MB, Compressed Oops mode: 32-bit
Narrow klass base: 0x0000000000000000, Narrow klass shift: 3
Compressed class space size: 1073741824 Address: 0x0000000100000000

Heap:
 PSYoungGen      total 24576K, used 7005K [0x00000000eab00000, 0x00000000ec680000, 0x0000000100000000)
  eden space 22016K, 20% used [0x00000000eab00000,0x00000000eaf7bb70,0x00000000ec080000)
  from space 2560K, 94% used [0x00000000ec080000,0x00000000ec2dbba0,0x00000000ec300000)
  to   space 3072K, 0% used [0x00000000ec380000,0x00000000ec380000,0x00000000ec680000)
 ParOldGen       total 68608K, used 31799K [0x00000000c0000000, 0x00000000c4300000, 0x00000000eab00000)
  object space 68608K, 46% used [0x00000000c0000000,0x00000000c1f0dd00,0x00000000c4300000)
 Metaspace       used 50330K, capacity 52745K, committed 52864K, reserved 1095680K
  class space    used 5033K, capacity 5912K, committed 6016K, reserved 1048576K

Card table byte_map: [0x000002b91f6d0000,0x000002b91f8e0000] _byte_map_base: 0x000002b91f0d0000

Marking Bits: (ParMarkBitMap*) 0x00007ffa37f5f440
 Begin Bits: [0x000002b937160000, 0x000002b938160000)
 End Bits:   [0x000002b938160000, 0x000002b939160000)

Polling page: 0x000002b91f4c0000

Metaspace:

Usage:
  Non-class:     45.74 MB capacity,    44.24 MB ( 97%) used,     1.40 MB (  3%) free+waste,    98.81 KB ( <1%) overhead. 
      Class:      5.77 MB capacity,     4.92 MB ( 85%) used,   832.05 KB ( 14%) free+waste,    46.38 KB ( <1%) overhead. 
       Both:     51.51 MB capacity,    49.15 MB ( 95%) used,     2.22 MB (  4%) free+waste,   145.19 KB ( <1%) overhead. 

Virtual space:
  Non-class space:       46.00 MB reserved,      45.75 MB (>99%) committed 
      Class space:        1.00 GB reserved,       5.88 MB ( <1%) committed 
             Both:        1.04 GB reserved,      51.63 MB (  5%) committed 

Chunk freelists:
   Non-Class:  1.88 KB
       Class:  1.00 KB
        Both:  2.88 KB

CodeHeap 'non-profiled nmethods': size=120000Kb used=2483Kb max_used=2483Kb free=117516Kb
 bounds [0x000002b92fc30000, 0x000002b92fea0000, 0x000002b937160000]
CodeHeap 'profiled nmethods': size=120000Kb used=10900Kb max_used=10900Kb free=109099Kb
 bounds [0x000002b928700000, 0x000002b9291b0000, 0x000002b92fc30000]
CodeHeap 'non-nmethods': size=5760Kb used=1221Kb max_used=1274Kb free=4538Kb
 bounds [0x000002b928160000, 0x000002b9283d0000, 0x000002b928700000]
 total_blobs=5242 nmethods=4653 adapters=502
 compilation: enabled
              stopped_count=0, restarted_count=0
 full_count=0

Compilation events (10 events):
Event: 10.785 Thread 0x000002b939b4c000 5316       3       org.eclipse.jdt.internal.compiler.flow.UnconditionalFlowInfo::<init> (5 bytes)
Event: 10.785 Thread 0x000002b939b4c000 nmethod 5316 0x000002b9291ad310 code [0x000002b9291ad4c0, 0x000002b9291ad6d8]
Event: 10.785 Thread 0x000002b939b4c000 5320       1       org.eclipse.jdt.internal.compiler.ast.Statement::isEmptyBlock (2 bytes)
Event: 10.785 Thread 0x000002b939b4c000 nmethod 5320 0x000002b92fe9cf90 code [0x000002b92fe9d120, 0x000002b92fe9d238]
Event: 10.788 Thread 0x000002b939b4c000 5323       3       org.eclipse.jdt.internal.core.builder.NameSet::add (81 bytes)
Event: 10.789 Thread 0x000002b939b4c000 nmethod 5323 0x000002b9291ad790 code [0x000002b9291ad980, 0x000002b9291adf50]
Event: 10.789 Thread 0x000002b939b4c000 5324       3       org.eclipse.jdt.internal.compiler.lookup.Scope::substitute (9 bytes)
Event: 10.789 Thread 0x000002b939b4c000 nmethod 5324 0x000002b9291ae190 code [0x000002b9291ae340, 0x000002b9291ae4d0]
Event: 10.789 Thread 0x000002b939b4c000 5325       3       org.eclipse.jdt.internal.compiler.impl.CompilerOptions::getSeverity (74 bytes)
Event: 10.790 Thread 0x000002b939b4c000 nmethod 5325 0x000002b9291ae590 code [0x000002b9291ae780, 0x000002b9291aed38]

GC Heap History (10 events):
Event: 7.014 GC heap before
{Heap before GC invocations=13 (full 2):
 PSYoungGen      total 28160K, used 28032K [0x00000000eab00000, 0x00000000ece00000, 0x0000000100000000)
  eden space 23552K, 100% used [0x00000000eab00000,0x00000000ec200000,0x00000000ec200000)
  from space 4608K, 97% used [0x00000000ec980000,0x00000000ecde0010,0x00000000ece00000)
  to   space 5632K, 0% used [0x00000000ec300000,0x00000000ec300000,0x00000000ec880000)
 ParOldGen       total 68608K, used 19888K [0x00000000c0000000, 0x00000000c4300000, 0x00000000eab00000)
  object space 68608K, 28% used [0x00000000c0000000,0x00000000c136c3d0,0x00000000c4300000)
 Metaspace       used 41922K, capacity 44295K, committed 44416K, reserved 1089536K
  class space    used 4376K, capacity 5164K, committed 5248K, reserved 1048576K
}
Event: 7.023 GC heap after
{Heap after GC invocations=13 (full 2):
 PSYoungGen      total 25600K, used 2336K [0x00000000eab00000, 0x00000000eca00000, 0x0000000100000000)
  eden space 23040K, 0% used [0x00000000eab00000,0x00000000eab00000,0x00000000ec180000)
  from space 2560K, 91% used [0x00000000ec300000,0x00000000ec548010,0x00000000ec580000)
  to   space 3584K, 0% used [0x00000000ec680000,0x00000000ec680000,0x00000000eca00000)
 ParOldGen       total 68608K, used 24345K [0x00000000c0000000, 0x00000000c4300000, 0x00000000eab00000)
  object space 68608K, 35% used [0x00000000c0000000,0x00000000c17c6698,0x00000000c4300000)
 Metaspace       used 41922K, capacity 44295K, committed 44416K, reserved 1089536K
  class space    used 4376K, capacity 5164K, committed 5248K, reserved 1048576K
}
Event: 7.072 GC heap before
{Heap before GC invocations=14 (full 2):
 PSYoungGen      total 25600K, used 25376K [0x00000000eab00000, 0x00000000eca00000, 0x0000000100000000)
  eden space 23040K, 100% used [0x00000000eab00000,0x00000000ec180000,0x00000000ec180000)
  from space 2560K, 91% used [0x00000000ec300000,0x00000000ec548010,0x00000000ec580000)
  to   space 3584K, 0% used [0x00000000ec680000,0x00000000ec680000,0x00000000eca00000)
 ParOldGen       total 68608K, used 24345K [0x00000000c0000000, 0x00000000c4300000, 0x00000000eab00000)
  object space 68608K, 35% used [0x00000000c0000000,0x00000000c17c6698,0x00000000c4300000)
 Metaspace       used 41922K, capacity 44295K, committed 44416K, reserved 1089536K
  class space    used 4376K, capacity 5164K, committed 5248K, reserved 1048576K
}
Event: 7.078 GC heap after
{Heap after GC invocations=14 (full 2):
 PSYoungGen      total 24576K, used 1952K [0x00000000eab00000, 0x00000000ec880000, 0x0000000100000000)
  eden space 22528K, 0% used [0x00000000eab00000,0x00000000eab00000,0x00000000ec100000)
  from space 2048K, 95% used [0x00000000ec680000,0x00000000ec868000,0x00000000ec880000)
  to   space 2560K, 0% used [0x00000000ec380000,0x00000000ec380000,0x00000000ec600000)
 ParOldGen       total 68608K, used 26655K [0x00000000c0000000, 0x00000000c4300000, 0x00000000eab00000)
  object space 68608K, 38% used [0x00000000c0000000,0x00000000c1a07f28,0x00000000c4300000)
 Metaspace       used 41922K, capacity 44295K, committed 44416K, reserved 1089536K
  class space    used 4376K, capacity 5164K, committed 5248K, reserved 1048576K
}
Event: 8.931 GC heap before
{Heap before GC invocations=15 (full 2):
 PSYoungGen      total 24576K, used 24480K [0x00000000eab00000, 0x00000000ec880000, 0x0000000100000000)
  eden space 22528K, 100% used [0x00000000eab00000,0x00000000ec100000,0x00000000ec100000)
  from space 2048K, 95% used [0x00000000ec680000,0x00000000ec868000,0x00000000ec880000)
  to   space 2560K, 0% used [0x00000000ec380000,0x00000000ec380000,0x00000000ec600000)
 ParOldGen       total 68608K, used 26655K [0x00000000c0000000, 0x00000000c4300000, 0x00000000eab00000)
  object space 68608K, 38% used [0x00000000c0000000,0x00000000c1a07f28,0x00000000c4300000)
 Metaspace       used 43267K, capacity 45671K, committed 45824K, reserved 1089536K
  class space    used 4523K, capacity 5322K, committed 5376K, reserved 1048576K
}
Event: 8.939 GC heap after
{Heap after GC invocations=15 (full 2):
 PSYoungGen      total 24064K, used 1957K [0x00000000eab00000, 0x00000000ec700000, 0x0000000100000000)
  eden space 22016K, 0% used [0x00000000eab00000,0x00000000eab00000,0x00000000ec080000)
  from space 2048K, 95% used [0x00000000ec380000,0x00000000ec569790,0x00000000ec580000)
  to   space 1536K, 0% used [0x00000000ec580000,0x00000000ec580000,0x00000000ec700000)
 ParOldGen       total 68608K, used 28444K [0x00000000c0000000, 0x00000000c4300000, 0x00000000eab00000)
  object space 68608K, 41% used [0x00000000c0000000,0x00000000c1bc7280,0x00000000c4300000)
 Metaspace       used 43267K, capacity 45671K, committed 45824K, reserved 1089536K
  class space    used 4523K, capacity 5322K, committed 5376K, reserved 1048576K
}
Event: 9.353 GC heap before
{Heap before GC invocations=16 (full 2):
 PSYoungGen      total 24064K, used 23973K [0x00000000eab00000, 0x00000000ec700000, 0x0000000100000000)
  eden space 22016K, 100% used [0x00000000eab00000,0x00000000ec080000,0x00000000ec080000)
  from space 2048K, 95% used [0x00000000ec380000,0x00000000ec569790,0x00000000ec580000)
  to   space 1536K, 0% used [0x00000000ec580000,0x00000000ec580000,0x00000000ec700000)
 ParOldGen       total 68608K, used 28444K [0x00000000c0000000, 0x00000000c4300000, 0x00000000eab00000)
  object space 68608K, 41% used [0x00000000c0000000,0x00000000c1bc7280,0x00000000c4300000)
 Metaspace       used 44266K, capacity 46714K, committed 46976K, reserved 1091584K
  class space    used 4628K, capacity 5477K, committed 5504K, reserved 1048576K
}
Event: 9.358 GC heap after
{Heap after GC invocations=16 (full 2):
 PSYoungGen      total 23552K, used 1529K [0x00000000eab00000, 0x00000000ec880000, 0x0000000100000000)
  eden space 22016K, 0% used [0x00000000eab00000,0x00000000eab00000,0x00000000ec080000)
  from space 1536K, 99% used [0x00000000ec580000,0x00000000ec6fe470,0x00000000ec700000)
  to   space 4096K, 0% used [0x00000000ec080000,0x00000000ec080000,0x00000000ec480000)
 ParOldGen       total 68608K, used 30274K [0x00000000c0000000, 0x00000000c4300000, 0x00000000eab00000)
  object space 68608K, 44% used [0x00000000c0000000,0x00000000c1d90880,0x00000000c4300000)
 Metaspace       used 44266K, capacity 46714K, committed 46976K, reserved 1091584K
  class space    used 4628K, capacity 5477K, committed 5504K, reserved 1048576K
}
Event: 10.507 GC heap before
{Heap before GC invocations=17 (full 2):
 PSYoungGen      total 23552K, used 23545K [0x00000000eab00000, 0x00000000ec880000, 0x0000000100000000)
  eden space 22016K, 100% used [0x00000000eab00000,0x00000000ec080000,0x00000000ec080000)
  from space 1536K, 99% used [0x00000000ec580000,0x00000000ec6fe470,0x00000000ec700000)
  to   space 4096K, 0% used [0x00000000ec080000,0x00000000ec080000,0x00000000ec480000)
 ParOldGen       total 68608K, used 30274K [0x00000000c0000000, 0x00000000c4300000, 0x00000000eab00000)
  object space 68608K, 44% used [0x00000000c0000000,0x00000000c1d90880,0x00000000c4300000)
 Metaspace       used 49550K, capacity 51942K, committed 51968K, reserved 1095680K
  class space    used 5006K, capacity 5879K, committed 5888K, reserved 1048576K
}
Event: 10.521 GC heap after
{Heap after GC invocations=17 (full 2):
 PSYoungGen      total 24576K, used 2414K [0x00000000eab00000, 0x00000000ec680000, 0x0000000100000000)
  eden space 22016K, 0% used [0x00000000eab00000,0x00000000eab00000,0x00000000ec080000)
  from space 2560K, 94% used [0x00000000ec080000,0x00000000ec2dbba0,0x00000000ec300000)
  to   space 3072K, 0% used [0x00000000ec380000,0x00000000ec380000,0x00000000ec680000)
 ParOldGen       total 68608K, used 31799K [0x00000000c0000000, 0x00000000c4300000, 0x00000000eab00000)
  object space 68608K, 46% used [0x00000000c0000000,0x00000000c1f0dd00,0x00000000c4300000)
 Metaspace       used 49550K, capacity 51942K, committed 51968K, reserved 1095680K
  class space    used 5006K, capacity 5879K, committed 5888K, reserved 1048576K
}

Deoptimization events (10 events):
Event: 10.405 Thread 0x000002b93d852800 Uncommon trap: reason=unstable_if action=reinterpret pc=0x000002b92fd13538 method=java.lang.String.regionMatches(ILjava/lang/String;II)Z @ 32 c2
Event: 10.414 Thread 0x000002b93d852800 Uncommon trap: reason=unstable_if action=reinterpret pc=0x000002b92fd8a6f0 method=org.eclipse.jdt.internal.compiler.parser.Scanner.getNextToken0()I @ 186 c2
Event: 10.444 Thread 0x000002b93d852800 Uncommon trap: reason=unstable_if action=reinterpret pc=0x000002b92fe0b9ac method=java.util.TimSort.sort([Ljava/lang/Object;IILjava/util/Comparator;[Ljava/lang/Object;II)V @ 114 c2
Event: 10.678 Thread 0x000002b93d852800 Uncommon trap: reason=class_check action=maybe_recompile pc=0x000002b92fe0ac0c method=java.util.HashMap.removeNode(ILjava/lang/Object;Ljava/lang/Object;ZZ)Ljava/util/HashMap$Node; @ 143 c2
Event: 10.679 Thread 0x000002b93d852800 Uncommon trap: reason=class_check action=maybe_recompile pc=0x000002b92fe0ac0c method=java.util.HashMap.removeNode(ILjava/lang/Object;Ljava/lang/Object;ZZ)Ljava/util/HashMap$Node; @ 143 c2
Event: 10.686 Thread 0x000002b93d852800 Uncommon trap: reason=unstable_if action=reinterpret pc=0x000002b92fe8f630 method=org.eclipse.jdt.internal.compiler.codegen.ConstantPool.writeU1(I)V @ 11 c2
Event: 10.688 Thread 0x000002b93d852800 Uncommon trap: reason=class_check action=maybe_recompile pc=0x000002b92fe0ac0c method=java.util.HashMap.removeNode(ILjava/lang/Object;Ljava/lang/Object;ZZ)Ljava/util/HashMap$Node; @ 143 c2
Event: 10.689 Thread 0x000002b93d852800 Uncommon trap: reason=class_check action=maybe_recompile pc=0x000002b92fe0ac0c method=java.util.HashMap.removeNode(ILjava/lang/Object;Ljava/lang/Object;ZZ)Ljava/util/HashMap$Node; @ 143 c2
Event: 10.718 Thread 0x000002b93d852800 Uncommon trap: reason=loop_limit_check action=maybe_recompile pc=0x000002b92fe8e7f4 method=org.eclipse.jdt.internal.compiler.lookup.ReferenceBinding.compare([C[CII)I @ 46 c2
Event: 10.752 Thread 0x000002b93d852800 Uncommon trap: reason=loop_limit_check action=maybe_recompile pc=0x000002b92fe91b2c method=org.eclipse.jdt.internal.compiler.ClassFile.utf8At([BII)[C @ 128 c2

Classes redefined (0 events):
No events

Internal exceptions (10 events):
Event: 10.571 Thread 0x000002b93d850800 Exception <a 'sun/nio/fs/WindowsException'{0x00000000eab4fd00}> (0x00000000eab4fd00) thrown at [./open/src/hotspot/share/prims/jni.cpp, line 611]
Event: 10.584 Thread 0x000002b93d850800 Exception <a 'sun/nio/fs/WindowsException'{0x00000000eab59a68}> (0x00000000eab59a68) thrown at [./open/src/hotspot/share/prims/jni.cpp, line 611]
Event: 10.610 Thread 0x000002b93d850800 Exception <a 'sun/nio/fs/WindowsException'{0x00000000eacd8278}> (0x00000000eacd8278) thrown at [./open/src/hotspot/share/prims/jni.cpp, line 611]
Event: 10.644 Thread 0x000002b93d850800 Exception <a 'sun/nio/fs/WindowsException'{0x00000000eace1700}> (0x00000000eace1700) thrown at [./open/src/hotspot/share/prims/jni.cpp, line 611]
Event: 10.651 Thread 0x000002b93d850800 Exception <a 'sun/nio/fs/WindowsException'{0x00000000eacebaa8}> (0x00000000eacebaa8) thrown at [./open/src/hotspot/share/prims/jni.cpp, line 611]
Event: 10.698 Thread 0x000002b93d850800 Exception <a 'sun/nio/fs/WindowsException'{0x00000000eacf7e98}> (0x00000000eacf7e98) thrown at [./open/src/hotspot/share/prims/jni.cpp, line 611]
Event: 10.727 Thread 0x000002b93d850800 Exception <a 'sun/nio/fs/WindowsException'{0x00000000ead03558}> (0x00000000ead03558) thrown at [./open/src/hotspot/share/prims/jni.cpp, line 611]
Event: 10.742 Thread 0x000002b93d850800 Exception <a 'sun/nio/fs/WindowsException'{0x00000000ead0da10}> (0x00000000ead0da10) thrown at [./open/src/hotspot/share/prims/jni.cpp, line 611]
Event: 10.760 Thread 0x000002b93d850800 Exception <a 'sun/nio/fs/WindowsException'{0x00000000eae77140}> (0x00000000eae77140) thrown at [./open/src/hotspot/share/prims/jni.cpp, line 611]
Event: 10.783 Thread 0x000002b93d850800 Exception <a 'sun/nio/fs/WindowsException'{0x00000000eae81730}> (0x00000000eae81730) thrown at [./open/src/hotspot/share/prims/jni.cpp, line 611]

Events (10 events):
Event: 10.752 Thread 0x000002b93d852800 DEOPT PACKING pc=0x000002b92fe91b2c sp=0x000000dfdb0fed90
Event: 10.752 Thread 0x000002b93d852800 DEOPT UNPACKING pc=0x000002b92818872f sp=0x000000dfdb0fed28 mode 2
Event: 10.755 Executing VM operation: RevokeBias
Event: 10.755 Executing VM operation: RevokeBias done
Event: 10.773 Executing VM operation: Deoptimize
Event: 10.773 Executing VM operation: Deoptimize done
Event: 10.775 Executing VM operation: Deoptimize
Event: 10.776 Executing VM operation: Deoptimize done
Event: 10.781 Executing VM operation: RevokeBias
Event: 10.781 Executing VM operation: RevokeBias done


Dynamic libraries:
0x00007ff784090000 - 0x00007ff78409f000 	C:\Program Files\Java\jdk-11.0.9\bin\java.exe
0x00007ffabc750000 - 0x00007ffabc946000 	C:\WINDOWS\SYSTEM32\ntdll.dll
0x00007ffabc3f0000 - 0x00007ffabc4ad000 	C:\WINDOWS\System32\KERNEL32.DLL
0x00007ffab9e90000 - 0x00007ffaba159000 	C:\WINDOWS\System32\KERNELBASE.dll
0x00007ffaba1b0000 - 0x00007ffaba2b0000 	C:\WINDOWS\System32\ucrtbase.dll
0x00007ffa9b9b0000 - 0x00007ffa9b9c8000 	C:\Program Files\Java\jdk-11.0.9\bin\jli.dll
0x00007ffa994b0000 - 0x00007ffa994c5000 	C:\Program Files\Java\jdk-11.0.9\bin\VCRUNTIME140.dll
0x00007ffabb410000 - 0x00007ffabb4bc000 	C:\WINDOWS\System32\ADVAPI32.dll
0x00007ffaba8e0000 - 0x00007ffaba97e000 	C:\WINDOWS\System32\msvcrt.dll
0x00007ffaba840000 - 0x00007ffaba8dc000 	C:\WINDOWS\System32\sechost.dll
0x00007ffabbb10000 - 0x00007ffabbc3b000 	C:\WINDOWS\System32\RPCRT4.dll
0x00007ffabb910000 - 0x00007ffabbab0000 	C:\WINDOWS\System32\USER32.dll
0x00007ffaba560000 - 0x00007ffaba582000 	C:\WINDOWS\System32\win32u.dll
0x00007ffaa2000000 - 0x00007ffaa229b000 	C:\WINDOWS\WinSxS\amd64_microsoft.windows.common-controls_6595b64144ccf1df_6.0.19041.488_none_ca04af081b815d21\COMCTL32.dll
0x00007ffaba7b0000 - 0x00007ffaba7da000 	C:\WINDOWS\System32\GDI32.dll
0x00007ffaba590000 - 0x00007ffaba699000 	C:\WINDOWS\System32\gdi32full.dll
0x00007ffaba4c0000 - 0x00007ffaba55d000 	C:\WINDOWS\System32\msvcp_win.dll
0x00007ffab18c0000 - 0x00007ffab18ca000 	C:\WINDOWS\SYSTEM32\VERSION.dll
0x00007ffabc6e0000 - 0x00007ffabc710000 	C:\WINDOWS\System32\IMM32.DLL
0x00007ffa735f0000 - 0x00007ffa7368b000 	C:\Program Files\Java\jdk-11.0.9\bin\msvcp140.dll
0x00007ffa37520000 - 0x00007ffa38017000 	C:\Program Files\Java\jdk-11.0.9\bin\server\jvm.dll
0x00007ffabb8f0000 - 0x00007ffabb8f8000 	C:\WINDOWS\System32\PSAPI.DLL
0x00007ffaacb20000 - 0x00007ffaacb47000 	C:\WINDOWS\SYSTEM32\WINMM.dll
0x00007ffa9cf00000 - 0x00007ffa9cf09000 	C:\WINDOWS\SYSTEM32\WSOCK32.dll
0x00007ffabb5a0000 - 0x00007ffabb60b000 	C:\WINDOWS\System32\WS2_32.dll
0x00007ffab8760000 - 0x00007ffab8772000 	C:\WINDOWS\SYSTEM32\kernel.appcore.dll
0x00007ffa9b9a0000 - 0x00007ffa9b9b0000 	C:\Program Files\Java\jdk-11.0.9\bin\verify.dll
0x00007ffab7d70000 - 0x00007ffab7f54000 	C:\WINDOWS\SYSTEM32\DBGHELP.DLL
0x00007ffa970a0000 - 0x00007ffa970cc000 	C:\WINDOWS\SYSTEM32\dbgcore.DLL
0x00007ffaba730000 - 0x00007ffaba7b0000 	C:\WINDOWS\System32\bcryptPrimitives.dll
0x00007ffa95090000 - 0x00007ffa950b8000 	C:\Program Files\Java\jdk-11.0.9\bin\java.dll
0x00007ffa99360000 - 0x00007ffa9936a000 	C:\Program Files\Java\jdk-11.0.9\bin\jimage.dll
0x00007ffa77c20000 - 0x00007ffa77c36000 	C:\Program Files\Java\jdk-11.0.9\bin\zip.dll
0x00007ffabbca0000 - 0x00007ffabc3e2000 	C:\WINDOWS\System32\SHELL32.dll
0x00007ffab7f80000 - 0x00007ffab8715000 	C:\WINDOWS\SYSTEM32\windows.storage.dll
0x00007ffabab90000 - 0x00007ffabaee6000 	C:\WINDOWS\System32\combase.dll
0x00007ffab9820000 - 0x00007ffab984c000 	C:\WINDOWS\SYSTEM32\Wldp.dll
0x00007ffabb360000 - 0x00007ffabb40e000 	C:\WINDOWS\System32\SHCORE.dll
0x00007ffabbc40000 - 0x00007ffabbc95000 	C:\WINDOWS\System32\shlwapi.dll
0x00007ffab9dc0000 - 0x00007ffab9de6000 	C:\WINDOWS\SYSTEM32\profapi.dll
0x00007ffa77c00000 - 0x00007ffa77c19000 	C:\Program Files\Java\jdk-11.0.9\bin\net.dll
0x00007ffab20d0000 - 0x00007ffab21d0000 	C:\WINDOWS\SYSTEM32\WINHTTP.dll
0x00007ffab9620000 - 0x00007ffab968a000 	C:\WINDOWS\system32\mswsock.dll
0x00007ffa77be0000 - 0x00007ffa77bf2000 	C:\Program Files\Java\jdk-11.0.9\bin\nio.dll
0x00007ffab9870000 - 0x00007ffab9888000 	C:\WINDOWS\SYSTEM32\CRYPTSP.dll
0x00007ffab8f00000 - 0x00007ffab8f34000 	C:\WINDOWS\system32\rsaenh.dll
0x00007ffaba6a0000 - 0x00007ffaba6c7000 	C:\WINDOWS\System32\bcrypt.dll
0x00007ffab9d40000 - 0x00007ffab9d6e000 	C:\WINDOWS\SYSTEM32\USERENV.dll
0x00007ffab9850000 - 0x00007ffab985c000 	C:\WINDOWS\SYSTEM32\CRYPTBASE.dll
0x00007ffab92e0000 - 0x00007ffab931b000 	C:\WINDOWS\SYSTEM32\IPHLPAPI.DLL
0x00007ffabb900000 - 0x00007ffabb908000 	C:\WINDOWS\System32\NSI.dll
0x00007ffab2ae0000 - 0x00007ffab2af7000 	C:\WINDOWS\SYSTEM32\dhcpcsvc6.DLL
0x00007ffab2ac0000 - 0x00007ffab2add000 	C:\WINDOWS\SYSTEM32\dhcpcsvc.DLL
0x00007ffab9320000 - 0x00007ffab93eb000 	C:\WINDOWS\SYSTEM32\DNSAPI.dll
0x00007ffa76210000 - 0x00007ffa7623a000 	C:\Users\joseh\AppData\Roaming\Code\User\globalStorage\redhat.java\0.73.0\config_win\org.eclipse.equinox.launcher\org.eclipse.equinox.launcher.win32.win32.x86_64_1.2.0.v20200915-1442\eclipse_11100.dll
0x00007ffa72780000 - 0x00007ffa72791000 	C:\Users\joseh\AppData\Roaming\Code\User\globalStorage\redhat.java\0.73.0\config_win\org.eclipse.osgi\23\0\.cp\jWinHttp-1.0.0.dll
0x00007ffabb6a0000 - 0x00007ffabb7ca000 	C:\WINDOWS\System32\ole32.dll

dbghelp: loaded successfully - version: 4.0.5 - missing functions: none
symbol engine: initialized successfully - sym options: 0x614 - pdb path: .;C:\Program Files\Java\jdk-11.0.9\bin;C:\WINDOWS\SYSTEM32;C:\WINDOWS\WinSxS\amd64_microsoft.windows.common-controls_6595b64144ccf1df_6.0.19041.488_none_ca04af081b815d21;C:\Program Files\Java\jdk-11.0.9\bin\server;C:\Users\joseh\AppData\Roaming\Code\User\globalStorage\redhat.java\0.73.0\config_win\org.eclipse.equinox.launcher\org.eclipse.equinox.launcher.win32.win32.x86_64_1.2.0.v20200915-1442;C:\Users\joseh\AppData\Roaming\Code\User\globalStorage\redhat.java\0.73.0\config_win\org.eclipse.osgi\23\0\.cp

VM Arguments:
jvm_args: --add-modules=ALL-SYSTEM --add-opens=java.base/java.util=ALL-UNNAMED --add-opens=java.base/java.lang=ALL-UNNAMED -Declipse.application=org.eclipse.jdt.ls.core.id1 -Dosgi.bundles.defaultStartLevel=4 -Declipse.product=org.eclipse.jdt.ls.core.product -Dfile.encoding=utf8 -DwatchParentProcess=false -XX:+UseParallelGC -XX:GCTimeRatio=4 -XX:AdaptiveSizePolicyWeight=90 -Dsun.zip.disableMemoryMapping=true -Xmx1G -Xms100m -Xverify:none 
java_command: c:\Users\joseh\.vscode\extensions\redhat.java-0.73.0\server\plugins\org.eclipse.equinox.launcher_1.6.0.v20200915-1508.jar -configuration c:\Users\joseh\AppData\Roaming\Code\User\globalStorage\redhat.java\0.73.0\config_win -data c:\Users\joseh\AppData\Roaming\Code\User\workspaceStorage\1da2681bac7220d1f99816449f30d2ad\redhat.java\jdt_ws
java_class_path (initial): c:\Users\joseh\.vscode\extensions\redhat.java-0.73.0\server\plugins\org.eclipse.equinox.launcher_1.6.0.v20200915-1508.jar
Launcher Type: SUN_STANDARD

[Global flags]
    uintx AdaptiveSizePolicyWeight                 = 90                                        {product} {command line}
     bool BytecodeVerificationLocal                = false                                     {product} {command line}
     bool BytecodeVerificationRemote               = false                                     {product} {command line}
     intx CICompilerCount                          = 4                                         {product} {ergonomic}
    uintx GCTimeRatio                              = 4                                         {product} {command line}
   size_t InitialHeapSize                          = 104857600                                 {product} {command line}
   size_t MaxHeapSize                              = 1073741824                                {product} {command line}
   size_t MaxNewSize                               = 357564416                                 {product} {ergonomic}
   size_t MinHeapDeltaBytes                        = 524288                                    {product} {ergonomic}
   size_t NewSize                                  = 34603008                                  {product} {ergonomic}
    uintx NonNMethodCodeHeapSize                   = 5836300                                {pd product} {ergonomic}
    uintx NonProfiledCodeHeapSize                  = 122910970                              {pd product} {ergonomic}
   size_t OldSize                                  = 70254592                                  {product} {ergonomic}
    uintx ProfiledCodeHeapSize                     = 122910970                              {pd product} {ergonomic}
    uintx ReservedCodeCacheSize                    = 251658240                              {pd product} {ergonomic}
     bool SegmentedCodeCache                       = true                                      {product} {ergonomic}
     bool UseCompressedClassPointers               = true                                 {lp64_product} {ergonomic}
     bool UseCompressedOops                        = true                                 {lp64_product} {ergonomic}
     bool UseLargePagesIndividualAllocation        = false                                  {pd product} {ergonomic}
     bool UseParallelGC                            = true                                      {product} {command line}

Logging:
Log output configuration:
 #0: stdout all=warning uptime,level,tags
 #1: stderr all=off uptime,level,tags

Environment Variables:
PATH=C:\Program Files\AdoptOpenJDK\jre-15.0.1.9-hotspot\bin;C:\Program Files (x86)\Common Files\Oracle\Java\javapath;C:\Program Files\Common Files\Oracle\Java\javapath;C:\Program Files\Python38\Scripts\;C:\Program Files\Python38\;C:\Windows\system32;C:\Windows;C:\Windows\System32\Wbem;C:\Windows\System32\WindowsPowerShell\v1.0\;C:\WINDOWS\system32;C:\WINDOWS;C:\WINDOWS\System32\Wbem;C:\WINDOWS\System32\WindowsPowerShell\v1.0\;C:\WINDOWS\System32\OpenSSH\;C:\Program Files (x86)\NVIDIA Corporation\PhysX\Common;C:\Program Files\NVIDIA Corporation\NVIDIA NvDLISR;C:\WINDOWS\system32;C:\WINDOWS;C:\WINDOWS\System32\Wbem;C:\WINDOWS\System32\WindowsPowerShell\v1.0\;C:\WINDOWS\System32\OpenSSH\;C:\Program Files\MATLAB\R2019b\bin;C:\Program Files\Microsoft SQL Server\130\Tools\Binn\;C:\Program Files\nodejs\;C:\ProgramData\chocolatey\bin;C:\Program Files\Intel\WiFi\bin\;C:\Program Files\Common Files\Intel\WirelessCommon\;C:\Program Files (x86)\Intel\Intel(R) Management Engine Components\DAL;C:\Program Files\Intel\Intel(R) Management Engine Components\DAL;C:\Program Files\Git\cmd;C:\Program Files\RedHat\java-11-openjdk-11.0.8-2\bin;C:\Program Files\Docker\Docker\resources\bin;C:\ProgramData\DockerDesktop\version-bin;C:\Program Files\PuTTY\;C:\Program Files\Microsoft VS Code\bin;C:\Program Files (x86)\PowerShell\7\;C:\Program Files\dotnet\;C:\Program Files\PowerShell\7\;C:\Users\joseh\scoop\apps\miniconda3\current\Library\bin;C:\Users\joseh\scoop\apps\miniconda3\current\scripts;C:\Users\joseh\scoop\shims;C:\MinGW-w64\mingw64\bin;C:\MinGW\bin;C:\Users\joseh\AppData\Local\Programs\Microsoft VS Code\bin;C:\Users\joseh\AppData\Roaming\npm;C:\Users\joseh\AppData\Local\GitHubDesktop\bin;C:\Program Files\CMake\bin;C:\Users\joseh\.dotnet\tools;C:\Users\joseh\AppData\Local\Microsoft\WindowsApps;C:\Users\joseh\.dotnet\tools
USERNAME=joseh
OS=Windows_NT
PROCESSOR_IDENTIFIER=Intel64 Family 6 Model 158 Stepping 9, GenuineIntel



---------------  S Y S T E M  ---------------

OS: Windows 10 , 64 bit Build 19041 (10.0.19041.662)
HyperV virtualization detected

CPU:total 8 (initial active 8) (4 cores per cpu, 2 threads per core) family 6 model 158 stepping 9, cmov, cx8, fxsr, mmx, sse, sse2, sse3, ssse3, sse4.1, sse4.2, popcnt, avx, avx2, aes, clmul, erms, rtm, 3dnowpref, lzcnt, ht, tsc, tscinvbit, bmi1, bmi2, adx, fma

Memory: 4k page, system-wide physical 40824M (8107M free)
TotalPageFile size 41624M (AvailPageFile size 7M)
current process WorkingSet (physical memory assigned to process): 219M, peak: 219M
current process commit charge ("private bytes"): 308M, peak: 309M

vm_info: Java HotSpot(TM) 64-Bit Server VM (11.0.9+7-LTS) for windows-amd64 JRE (11.0.9+7-LTS), built on Sep 15 2020 16:47:03 by "mach5one" with MS VC++ 15.9 (VS2017)

END.
